2025-03-27 02:43:02,315  -----selenium------  INFO  开始搜索: 阴阳 (书源: 辣文小说18+)
2025-03-27 02:43:04,831  -----selenium------  INFO  启动edge浏览器,耗时:2.1728639602661133秒
2025-03-27 02:43:04,831  -----selenium------  INFO  启动edge浏览器,耗时:2.1728639602661133秒
2025-03-27 02:43:09,202  -----selenium------  INFO  打开地址https://www.aaqqcc.com/,耗时:4.370105981826782秒
2025-03-27 02:43:09,202  -----selenium------  INFO  打开地址https://www.aaqqcc.com/,耗时:4.370105981826782秒
2025-03-27 02:43:09,220  -----selenium------  INFO  等待元素name,keyboard,耗时:0.018017292022705078秒
2025-03-27 02:43:09,220  -----selenium------  INFO  等待元素name,keyboard,耗时:0.018017292022705078秒
2025-03-27 02:43:09,252  -----selenium------  INFO  输入内容name,keyboard,阴阳,耗时:0.050049543380737305秒
2025-03-27 02:43:09,252  -----selenium------  INFO  输入内容name,keyboard,阴阳,耗时:0.050049543380737305秒
2025-03-27 02:43:18,357  -----selenium------  INFO  搜索完成！
2025-03-27 02:43:18,357  -----selenium------  INFO  搜索完成！
2025-03-27 02:43:42,356  -----selenium------  INFO  开始下载小说: 阴阳长生法 (格式: TXT)
2025-03-27 02:43:42,356  -----selenium------  INFO  开始下载小说: 阴阳长生法 (格式: TXT)
2025-03-27 02:43:43,396  -----selenium------  INFO  启动edge浏览器,耗时:1.0380194187164307秒
2025-03-27 02:43:43,396  -----selenium------  INFO  启动edge浏览器,耗时:1.0380194187164307秒
2025-03-27 02:43:43,396  -----selenium------  INFO  启动edge浏览器,耗时:1.0380194187164307秒
2025-03-27 02:43:45,997  -----selenium------  INFO  打开地址https://www.aaqqcc.com/book/4172/,耗时:2.599684476852417秒
2025-03-27 02:43:45,997  -----selenium------  INFO  打开地址https://www.aaqqcc.com/book/4172/,耗时:2.599684476852417秒
2025-03-27 02:43:45,997  -----selenium------  INFO  打开地址https://www.aaqqcc.com/book/4172/,耗时:2.599684476852417秒
2025-03-27 02:45:52,678  -----selenium------  INFO  下载完成！
2025-03-27 02:45:52,678  -----selenium------  INFO  下载完成！
2025-03-27 02:45:52,678  -----selenium------  INFO  下载完成！
2025-03-27 02:48:11,230  -----selenium------  INFO  开始搜索: 阴阳 (书源: 辣文小说18+)
2025-03-27 02:48:12,657  -----selenium------  INFO  启动edge浏览器,耗时:1.0575430393218994秒
2025-03-27 02:48:12,657  -----selenium------  INFO  启动edge浏览器,耗时:1.0575430393218994秒
2025-03-27 02:48:16,920  -----selenium------  INFO  打开地址https://www.aaqqcc.com/,耗时:4.263136148452759秒
2025-03-27 02:48:16,920  -----selenium------  INFO  打开地址https://www.aaqqcc.com/,耗时:4.263136148452759秒
2025-03-27 02:48:16,927  -----selenium------  INFO  等待元素name,keyboard,耗时:0.006514310836791992秒
2025-03-27 02:48:16,927  -----selenium------  INFO  等待元素name,keyboard,耗时:0.006514310836791992秒
2025-03-27 02:48:16,963  -----selenium------  INFO  输入内容name,keyboard,阴阳,耗时:0.04306221008300781秒
2025-03-27 02:48:16,963  -----selenium------  INFO  输入内容name,keyboard,阴阳,耗时:0.04306221008300781秒
2025-03-27 02:48:25,892  -----selenium------  INFO  搜索完成！
2025-03-27 02:48:25,892  -----selenium------  INFO  搜索完成！
2025-03-27 02:48:32,402  -----selenium------  INFO  开始下载小说: 逆乱阴阳 (格式: TXT)
2025-03-27 02:48:32,402  -----selenium------  INFO  开始下载小说: 逆乱阴阳 (格式: TXT)
2025-03-27 02:48:33,442  -----selenium------  INFO  启动edge浏览器,耗时:1.0391101837158203秒
2025-03-27 02:48:33,442  -----selenium------  INFO  启动edge浏览器,耗时:1.0391101837158203秒
2025-03-27 02:48:33,442  -----selenium------  INFO  启动edge浏览器,耗时:1.0391101837158203秒
2025-03-27 02:48:36,744  -----selenium------  INFO  打开地址https://www.aaqqcc.com/book/2032/,耗时:3.3014986515045166秒
2025-03-27 02:48:36,744  -----selenium------  INFO  打开地址https://www.aaqqcc.com/book/2032/,耗时:3.3014986515045166秒
2025-03-27 02:48:36,744  -----selenium------  INFO  打开地址https://www.aaqqcc.com/book/2032/,耗时:3.3014986515045166秒
2025-03-27 02:48:46,289  -----selenium------  INFO  下载完成！
2025-03-27 02:48:46,289  -----selenium------  INFO  下载完成！
2025-03-27 02:48:46,289  -----selenium------  INFO  下载完成！
